2026-04-17 22:09:03,263 WARNING No result found for P.IVA SM29528
2026-04-17 22:15:03,915 WARNING No result found for P.IVA SM00445
2026-04-17 22:15:44,662 WARNING No result found for P.IVA SM05874
2026-04-17 22:18:21,892 WARNING No result found for P.IVA SM04837
2026-04-17 22:21:13,207 WARNING No result found for P.IVA SM03806
2026-04-17 22:21:45,637 WARNING No result found for P.IVA NL802332146B01
2026-04-17 22:23:41,289 WARNING No result found for P.IVA SM04152
2026-04-17 22:24:44,676 WARNING No result found for P.IVA 01037050422
2026-04-17 22:25:35,789 WARNING No result found for P.IVA SM23980
2026-04-17 22:27:55,429 WARNING No result found for P.IVA DE268455112
2026-04-17 22:28:55,933 WARNING No result found for P.IVA SM 03457
2026-04-17 22:29:00,133 WARNING No result found for P.IVA PL8971839531
2026-04-17 22:29:50,623 WARNING No result found for P.IVA DE815468968
2026-04-17 22:31:19,620 WARNING No result found for P.IVA DE275922365
2026-04-17 22:31:34,102 WARNING No result found for P.IVA BE0819937337
2026-04-17 22:32:04,198 WARNING No result found for P.IVA CZ25247875
2026-04-17 22:33:27,955 WARNING No result found for P.IVA SK2122680769
2026-04-17 22:33:34,732 WARNING No result found for P.IVA FI32453653
2026-04-17 22:34:30,006 WARNING No result found for P.IVA SM 02347
2026-04-17 22:35:07,738 WARNING No result found for P.IVA BG118582178
2026-04-17 22:35:19,674 WARNING No result found for P.IVA RO32233748
